<?xml version="1.0" encoding="UTF-8"?>
<!-- Generated by org.testng.reporters.JUnitXMLReporter -->
<testsuite hostname="LAPTOP-LKU0LLVL" failures="0" tests="3" name="Nopackage" time="74.062" errors="0" timestamp="22 Jan 2022 13:41:34 GMT">
  <testcase classname="com.hrms.scripts.TC_001" name="tc001" time="16.838"/>
  <testcase classname="com.hrms.scripts.Tc_002" name="tc002" time="28.442"/>
  <testcase classname="com.hrms.scripts.Tc_003" name="tc003" time="28.757"/>
</testsuite> <!-- Nopackage -->
